[2023-08-28 14:27:11,436] [INFO] Connecting to GitLab
[2023-08-28 14:27:11,520] [DEBUG] Starting new HTTP connection (1): gitlab.karnagi.monster:80
[2023-08-28 14:27:11,566] [DEBUG] http://gitlab.karnagi.monster:80 "GET /api/v4/user HTTP/1.1" 200 None
[2023-08-28 14:27:11,567] [INFO] Done.
[2023-08-28 14:27:11,567] [INFO] Connecting to LDAP
[2023-08-28 14:27:11,570] [INFO] Done.
[2023-08-28 14:27:11,570] [INFO] Getting all groups from GitLab.
[2023-08-28 14:27:11,601] [DEBUG] http://gitlab.karnagi.monster:80 "GET /api/v4/groups HTTP/1.1" 200 2
[2023-08-28 14:27:11,602] [INFO] Done.
[2023-08-28 14:27:11,602] [INFO] Getting all groups from LDAP.
[2023-08-28 14:27:11,605] [INFO] Done.
[2023-08-28 14:27:11,605] [INFO] Groups currently in GitLab : 
[2023-08-28 14:27:11,605] [INFO] Groups currently in LDAP : osp, rtgs, sss
[2023-08-28 14:27:11,606] [INFO] Syncing Groups from LDAP.
[2023-08-28 14:27:11,606] [INFO] Working on group osp ...
[2023-08-28 14:27:11,606] [INFO] |- Group not existing in GitLab, creating.
[2023-08-28 14:27:12,111] [DEBUG] http://gitlab.karnagi.monster:80 "POST /api/v4/groups HTTP/1.1" 201 681
[2023-08-28 14:27:12,113] [INFO] |- Working on group's members.
[2023-08-28 14:27:12,113] [INFO] Done.
[2023-08-28 14:27:12,114] [INFO] Working on group rtgs ...
[2023-08-28 14:27:12,114] [INFO] |- Group not existing in GitLab, creating.
[2023-08-28 14:27:12,279] [DEBUG] http://gitlab.karnagi.monster:80 "POST /api/v4/groups HTTP/1.1" 201 687
[2023-08-28 14:27:12,280] [INFO] |- Working on group's members.
[2023-08-28 14:27:12,280] [INFO] Done.
[2023-08-28 14:27:12,280] [INFO] Working on group sss ...
[2023-08-28 14:27:12,280] [INFO] |- Group not existing in GitLab, creating.
[2023-08-28 14:27:12,682] [DEBUG] http://gitlab.karnagi.monster:80 "POST /api/v4/groups HTTP/1.1" 201 681
[2023-08-28 14:27:12,683] [INFO] |- Working on group's members.
[2023-08-28 14:27:12,683] [INFO] Done.
[2023-08-28 14:27:12,684] [INFO] Done.
[2023-08-28 14:27:12,684] [INFO] Cleaning membership of LDAP Groups
[2023-08-28 14:27:12,684] [INFO] Working on group osp ...
[2023-08-28 14:27:12,684] [INFO] |- Working on group's members.
[2023-08-28 14:27:12,684] [INFO] |- Done.
[2023-08-28 14:27:12,684] [INFO] Done
[2023-08-28 14:27:12,684] [INFO] Working on group rtgs ...
[2023-08-28 14:27:12,684] [INFO] |- Working on group's members.
[2023-08-28 14:27:12,684] [INFO] |- Done.
[2023-08-28 14:27:12,684] [INFO] Done
[2023-08-28 14:27:12,684] [INFO] Working on group sss ...
[2023-08-28 14:27:12,684] [INFO] |- Working on group's members.
[2023-08-28 14:27:12,684] [INFO] |- Done.
[2023-08-28 14:27:12,684] [INFO] Done
